flutter-social-share/build/app/intermediates/manifest_merge_blame_file/release/manifest-merger-blame-release-report.txt
1<?xml version="1.0" encoding="utf-8"?>
2<manifest xmlns:android="http://schemas.android.com/apk/res/android"
3    package="com.example.flutter_social_share"
4    android:versionCode="1"
5    android:versionName="1.0.0" >
6
7    <uses-sdk
8        android:minSdkVersion="21"
9        android:targetSdkVersion="35" />
10
11    <!-- Permissions -->
12    <uses-permission
12-->src\main\AndroidManifest.xml:5:5-107
13        android:name="android.permission.READ_EXTERNAL_STORAGE"
13-->src\main\AndroidManifest.xml:5:22-77
14        android:maxSdkVersion="32" />
14-->src\main\AndroidManifest.xml:5:78-104
15    <uses-permission android:name="android.permission.READ_MEDIA_IMAGES" />
15-->src\main\AndroidManifest.xml:6:5-76
15-->src\main\AndroidManifest.xml:6:22-73
16    <uses-permission android:name="android.permission.INTERNET" />
16-->src\main\AndroidManifest.xml:7:5-67
16-->src\main\AndroidManifest.xml:7:22-64
17
18    <!-- This is the correct place for queries -->
19    <queries>
19-->src\main\AndroidManifest.xml:10:5-16:15
20        <intent>
20-->src\main\AndroidManifest.xml:11:9-15:18
21            <action android:name="android.intent.action.VIEW" />
21-->src\main\AndroidManifest.xml:12:13-65
21-->src\main\AndroidManifest.xml:12:21-62
22
23            <category android:name="android.intent.category.BROWSABLE" />
23-->src\main\AndroidManifest.xml:13:13-74
23-->src\main\AndroidManifest.xml:13:23-71
24
25            <data android:scheme="https" />
25-->src\main\AndroidManifest.xml:14:13-44
25-->src\main\AndroidManifest.xml:14:19-41
26        </intent>
27    </queries>
28
29    <permission
29-->[androidx.core:core:1.13.1] AndroidManifest.xml:22:5-24:47
30        android:name="com.example.flutter_social_share.DYNAMIC_RECEIVER_NOT_EXPORTED_PERMISSION"
30-->[androidx.core:core:1.13.1] AndroidManifest.xml:23:9-81
31        android:protectionLevel="signature" />
31-->[androidx.core:core:1.13.1] AndroidManifest.xml:24:9-44
32
33    <uses-permission android:name="com.example.flutter_social_share.DYNAMIC_RECEIVER_NOT_EXPORTED_PERMISSION" />
33-->[androidx.core:core:1.13.1] AndroidManifest.xml:26:5-97
33-->[androidx.core:core:1.13.1] AndroidManifest.xml:26:22-94
34
35    <application
35-->src\main\AndroidManifest.xml:18:5-48:19
36        android:appComponentFactory="androidx.core.app.CoreComponentFactory"
36-->[androidx.core:core:1.13.1] AndroidManifest.xml:28:18-86
37        android:extractNativeLibs="true"
38        android:icon="@mipmap/ic_launcher"
38-->src\main\AndroidManifest.xml:19:9-43
39        android:label="flutter_social_share" >
39-->src\main\AndroidManifest.xml:20:9-45
40        <activity
40-->src\main\AndroidManifest.xml:22:9-43:20
41            android:name="com.example.flutter_social_share.MainActivity"
41-->src\main\AndroidManifest.xml:23:13-41
42            android:configChanges="orientation|keyboardHidden|keyboard|screenSize|smallestScreenSize|locale|layoutDirection|fontScale|screenLayout|density|uiMode"
42-->src\main\AndroidManifest.xml:27:13-163
43            android:exported="true"
43-->src\main\AndroidManifest.xml:24:13-36
44            android:hardwareAccelerated="true"
44-->src\main\AndroidManifest.xml:28:13-47
45            android:launchMode="singleTop"
45-->src\main\AndroidManifest.xml:25:13-43
46            android:theme="@style/LaunchTheme"
46-->src\main\AndroidManifest.xml:26:13-47
47            android:windowSoftInputMode="adjustResize" >
47-->src\main\AndroidManifest.xml:29:13-55
48            <meta-data
48-->src\main\AndroidManifest.xml:31:13-33:57
49                android:name="io.flutter.embedding.android.NormalTheme"
49-->src\main\AndroidManifest.xml:32:17-72
50                android:resource="@style/NormalTheme" />
50-->src\main\AndroidManifest.xml:33:17-54
51            <meta-data
51-->src\main\AndroidManifest.xml:34:13-36:66
52                android:name="io.flutter.embedding.android.SplashScreenDrawable"
52-->src\main\AndroidManifest.xml:35:17-81
53                android:resource="@drawable/launch_background" />
53-->src\main\AndroidManifest.xml:36:17-63
54
55            <intent-filter>
55-->src\main\AndroidManifest.xml:38:13-41:29
56                <action android:name="android.intent.action.MAIN" />
56-->src\main\AndroidManifest.xml:39:17-69
56-->src\main\AndroidManifest.xml:39:25-66
57
58                <category android:name="android.intent.category.LAUNCHER" />
58-->src\main\AndroidManifest.xml:40:17-77
58-->src\main\AndroidManifest.xml:40:27-74
59            </intent-filter>
60        </activity>
61
62        <meta-data
62-->src\main\AndroidManifest.xml:45:9-47:33
63            android:name="flutterEmbedding"
63-->src\main\AndroidManifest.xml:46:13-44
64            android:value="2" />
64-->src\main\AndroidManifest.xml:47:13-30
65
66        <provider
66-->[:image_picker_android] AndroidManifest.xml:9:9-17:20
67            android:name="io.flutter.plugins.imagepicker.ImagePickerFileProvider"
67-->[:image_picker_android] AndroidManifest.xml:10:13-82
68            android:authorities="com.example.flutter_social_share.flutter.image_provider"
68-->[:image_picker_android] AndroidManifest.xml:11:13-74
69            android:exported="false"
69-->[:image_picker_android] AndroidManifest.xml:12:13-37
70            android:grantUriPermissions="true" >
70-->[:image_picker_android] AndroidManifest.xml:13:13-47
71            <meta-data
71-->[:image_picker_android] AndroidManifest.xml:14:13-16:75
72                android:name="android.support.FILE_PROVIDER_PATHS"
72-->[:image_picker_android] AndroidManifest.xml:15:17-67
73                android:resource="@xml/flutter_image_picker_file_paths" />
73-->[:image_picker_android] AndroidManifest.xml:16:17-72
74        </provider> <!-- Trigger Google Play services to install the backported photo picker module. -->
75        <service
75-->[:image_picker_android] AndroidManifest.xml:19:9-31:19
76            android:name="com.google.android.gms.metadata.ModuleDependencies"
76-->[:image_picker_android] AndroidManifest.xml:20:13-78
77            android:enabled="false"
77-->[:image_picker_android] AndroidManifest.xml:21:13-36
78            android:exported="false" >
78-->[:image_picker_android] AndroidManifest.xml:22:13-37
79            <intent-filter>
79-->[:image_picker_android] AndroidManifest.xml:24:13-26:29
80                <action android:name="com.google.android.gms.metadata.MODULE_DEPENDENCIES" />
80-->[:image_picker_android] AndroidManifest.xml:25:17-94
80-->[:image_picker_android] AndroidManifest.xml:25:25-91
81            </intent-filter>
82
83            <meta-data
83-->[:image_picker_android] AndroidManifest.xml:28:13-30:36
84                android:name="photopicker_activity:0:required"
84-->[:image_picker_android] AndroidManifest.xml:29:17-63
85                android:value="" />
85-->[:image_picker_android] AndroidManifest.xml:30:17-33
86        </service>
87
88        <activity
88-->[:url_launcher_android] AndroidManifest.xml:8:9-11:74
89            android:name="io.flutter.plugins.urllauncher.WebViewActivity"
89-->[:url_launcher_android] AndroidManifest.xml:9:13-74
90            android:exported="false"
90-->[:url_launcher_android] AndroidManifest.xml:10:13-37
91            android:theme="@android:style/Theme.NoTitleBar.Fullscreen" />
91-->[:url_launcher_android] AndroidManifest.xml:11:13-71
92
93        <uses-library
93-->[androidx.window:window:1.2.0] AndroidManifest.xml:23:9-25:40
94            android:name="androidx.window.extensions"
94-->[androidx.window:window:1.2.0] AndroidManifest.xml:24:13-54
95            android:required="false" />
95-->[androidx.window:window:1.2.0] AndroidManifest.xml:25:13-37
96        <uses-library
96-->[androidx.window:window:1.2.0] AndroidManifest.xml:26:9-28:40
97            android:name="androidx.window.sidecar"
97-->[androidx.window:window:1.2.0] AndroidManifest.xml:27:13-51
98            android:required="false" />
98-->[androidx.window:window:1.2.0] AndroidManifest.xml:28:13-37
99
100        <provider
100-->[androidx.lifecycle:lifecycle-process:2.7.0] AndroidManifest.xml:24:9-32:20
101            android:name="androidx.startup.InitializationProvider"
101-->[androidx.lifecycle:lifecycle-process:2.7.0] AndroidManifest.xml:25:13-67
102            android:authorities="com.example.flutter_social_share.androidx-startup"
102-->[androidx.lifecycle:lifecycle-process:2.7.0] AndroidManifest.xml:26:13-68
103            android:exported="false" >
103-->[androidx.lifecycle:lifecycle-process:2.7.0] AndroidManifest.xml:27:13-37
104            <meta-data
104-->[androidx.lifecycle:lifecycle-process:2.7.0] AndroidManifest.xml:29:13-31:52
105                android:name="androidx.lifecycle.ProcessLifecycleInitializer"
105-->[androidx.lifecycle:lifecycle-process:2.7.0] AndroidManifest.xml:30:17-78
106                android:value="androidx.startup" />
106-->[androidx.lifecycle:lifecycle-process:2.7.0] AndroidManifest.xml:31:17-49
107            <meta-data
107-->[androidx.profileinstaller:profileinstaller:1.3.1] AndroidManifest.xml:29:13-31:52
108                android:name="androidx.profileinstaller.ProfileInstallerInitializer"
108-->[androidx.profileinstaller:profileinstaller:1.3.1] AndroidManifest.xml:30:17-85
109                android:value="androidx.startup" />
109-->[androidx.profileinstaller:profileinstaller:1.3.1] AndroidManifest.xml:31:17-49
110        </provider>
111
112        <receiver
112-->[androidx.profileinstaller:profileinstaller:1.3.1] AndroidManifest.xml:34:9-52:20
113            android:name="androidx.profileinstaller.ProfileInstallReceiver"
113-->[androidx.profileinstaller:profileinstaller:1.3.1] AndroidManifest.xml:35:13-76
114            android:directBootAware="false"
114-->[androidx.profileinstaller:profileinstaller:1.3.1] AndroidManifest.xml:36:13-44
115            android:enabled="true"
115-->[androidx.profileinstaller:profileinstaller:1.3.1] AndroidManifest.xml:37:13-35
116            android:exported="true"
116-->[androidx.profileinstaller:profileinstaller:1.3.1] AndroidManifest.xml:38:13-36
117            android:permission="android.permission.DUMP" >
117-->[androidx.profileinstaller:profileinstaller:1.3.1] AndroidManifest.xml:39:13-57
118            <intent-filter>
118-->[androidx.profileinstaller:profileinstaller:1.3.1] AndroidManifest.xml:40:13-42:29
119                <action android:name="androidx.profileinstaller.action.INSTALL_PROFILE" />
119-->[androidx.profileinstaller:profileinstaller:1.3.1] AndroidManifest.xml:41:17-91
119-->[androidx.profileinstaller:profileinstaller:1.3.1] AndroidManifest.xml:41:25-88
120            </intent-filter>
121            <intent-filter>
121-->[androidx.profileinstaller:profileinstaller:1.3.1] AndroidManifest.xml:43:13-45:29
122                <action android:name="androidx.profileinstaller.action.SKIP_FILE" />
122-->[androidx.profileinstaller:profileinstaller:1.3.1] AndroidManifest.xml:44:17-85
122-->[androidx.profileinstaller:profileinstaller:1.3.1] AndroidManifest.xml:44:25-82
123            </intent-filter>
124            <intent-filter>
124-->[androidx.profileinstaller:profileinstaller:1.3.1] AndroidManifest.xml:46:13-48:29
125                <action android:name="androidx.profileinstaller.action.SAVE_PROFILE" />
125-->[androidx.profileinstaller:profileinstaller:1.3.1] AndroidManifest.xml:47:17-88
125-->[androidx.profileinstaller:profileinstaller:1.3.1] AndroidManifest.xml:47:25-85
126            </intent-filter>
127            <intent-filter>
127-->[androidx.profileinstaller:profileinstaller:1.3.1] AndroidManifest.xml:49:13-51:29
128                <action android:name="androidx.profileinstaller.action.BENCHMARK_OPERATION" />
128-->[androidx.profileinstaller:profileinstaller:1.3.1] AndroidManifest.xml:50:17-95
128-->[androidx.profileinstaller:profileinstaller:1.3.1] AndroidManifest.xml:50:25-92
129            </intent-filter>
130        </receiver>
131    </application>
132
133</manifest>